<?xml version="1.0" encoding="UTF-8"?>
<testsuite name="com.example.hello_selenium_junit.SearchTest" tests="1" skipped="0" failures="0" errors="0" timestamp="2021-02-03T15:09:09" hostname="ubuntu" time="9.531">
  <properties/>
  <testcase name="searchdevopsprivacity()" classname="com.example.hello_selenium_junit.SearchTest" time="9.531"/>
  <system-out><![CDATA[]]></system-out>
  <system-err><![CDATA[1612364949898	geckodriver	INFO	Listening on 127.0.0.1:3534
1612364949917	mozrunner::runner	INFO	Running command: "/usr/lib/firefox/firefox" "--marionette" "-foreground" "-no-remote" "-profile" "/tmp/rust_mozprofile47ff5c"
console.warn: SearchSettings: "get: No settings file exists, new profile?" (new Error("", "(unknown module)"))
1612364954256	Marionette	INFO	Listening on port 32847
1612364954371	Marionette	WARN	TLS certificate errors will be ignored for this session
Feb 03, 2021 4:09:14 PM org.openqa.selenium.remote.ProtocolHandshake createSession
INFO: Detected dialect: W3C
1612364958432	Marionette	INFO	Stopped listening on port 32847
]]></system-err>
</testsuite>
