<?xml version="1.0" encoding="UTF-8"?>
<testsuite name="com.example.hello_selenium_junit.SearchTest" tests="1" skipped="0" failures="0" errors="0" timestamp="2021-02-03T18:47:06" hostname="ubuntu" time="11.289">
  <properties/>
  <testcase name="searchdevopsprivacity()" classname="com.example.hello_selenium_junit.SearchTest" time="11.289"/>
  <system-out><![CDATA[]]></system-out>
  <system-err><![CDATA[1612378027164	geckodriver	INFO	Listening on 127.0.0.1:29905
1612378027996	mozrunner::runner	INFO	Running command: "/usr/lib/firefox/firefox" "--marionette" "-foreground" "-no-remote" "-profile" "/tmp/rust_mozprofilemzkzuW"
console.warn: SearchSettings: "get: No settings file exists, new profile?" (new Error("", "(unknown module)"))
1612378032040	Marionette	INFO	Listening on port 43085
1612378032149	Marionette	WARN	TLS certificate errors will be ignored for this session
Feb 03, 2021 7:47:12 PM org.openqa.selenium.remote.ProtocolHandshake createSession
INFO: Detected dialect: W3C
1612378036050	Marionette	INFO	Stopped listening on port 43085
]]></system-err>
</testsuite>
