<?xml version="1.0" encoding="UTF-8"?>
<testsuite name="com.example.hello_selenium_junit.PrecioTest" tests="1" skipped="0" failures="0" errors="0" timestamp="2021-02-05T10:02:06" hostname="ubuntu" time="10.133">
  <properties/>
  <testcase name="test()" classname="com.example.hello_selenium_junit.PrecioTest" time="10.133"/>
  <system-out><![CDATA[Cola=vars.get('p1').toString()
Beer=vars.get('p2').toString()
Wine=vars.get('p3').toString()
Total=vars.get('total').toString()
]]></system-out>
  <system-err><![CDATA[Feb 05, 2021 11:02:09 AM org.openqa.selenium.remote.ProtocolHandshake createSession
INFO: Detected dialect: W3C
]]></system-err>
</testsuite>
