<?xml version="1.0" encoding="UTF-8"?>
<testsuite name="com.example.hello_selenium_junit.PrecioTest" tests="1" skipped="0" failures="0" errors="0" timestamp="2021-02-08T09:01:17" hostname="ubuntu" time="27.53">
  <properties/>
  <testcase name="test()" classname="com.example.hello_selenium_junit.PrecioTest" time="27.53"/>
  <system-out><![CDATA[]]></system-out>
  <system-err><![CDATA[Feb 08, 2021 10:01:40 AM org.openqa.selenium.remote.ProtocolHandshake createSession
INFO: Detected dialect: W3C
]]></system-err>
</testsuite>
